<?xml version="1.0" encoding="UTF-8"?>
<!-- Generated by org.testng.reporters.JUnitXMLReporter -->
<testsuite hostname="Rajeev" ignored="0" name="Surefire test" tests="6" failures="0" timestamp="12 Dec 2019 12:00:06 GMT" time="0.057" errors="0">
  <testcase name="Browser" time="0.011" classname="qaclickacademy.AppiumTest"/>
  <testcase name="elements" time="0.0" classname="qaclickacademy.AppiumTest"/>
  <testcase name="Automation" time="0.0" classname="qaclickacademy.RestApiTest"/>
  <testcase name="ementsUi" time="0.0" classname="qaclickacademy.RestApiTest"/>
  <testcase name="BrowserAutomation" time="0.001" classname="qaclickacademy.SeleniumTest"/>
  <testcase name="elementsUi" time="0.0" classname="qaclickacademy.SeleniumTest"/>
</testsuite> <!-- Surefire test -->
